0 info it worked if it ends with ok
1 verbose cli [ '/usr/local/bin/node', '/usr/local/bin/npm', 'publish' ]
2 info using npm@3.9.5
3 info using node@v6.2.2
4 verbose publish [ '.' ]
5 silly cache add args [ '.', null ]
6 verbose cache add spec .
7 silly cache add parsed spec Result {
7 silly cache add   raw: '.',
7 silly cache add   scope: null,
7 silly cache add   name: null,
7 silly cache add   rawSpec: '.',
7 silly cache add   spec: '/Users/skropp/ea/ea-timeline',
7 silly cache add   type: 'directory' }
8 verbose addLocalDirectory /Users/skropp/.npm/ea-timeline/0.0.1/package.tgz not in flight; packing
9 verbose correctMkdir /Users/skropp/.npm correctMkdir not in flight; initializing
10 info lifecycle ea-timeline@0.0.1~prepublish: ea-timeline@0.0.1
11 verbose lifecycle ea-timeline@0.0.1~prepublish: unsafe-perm in lifecycle true
12 verbose lifecycle ea-timeline@0.0.1~prepublish: PATH: /usr/local/lib/node_modules/npm/bin/node-gyp-bin:/Users/skropp/ea/ea-timeline/node_modules/.bin:/usr/local/bin:/Users/skropp/.rvm/gems/ruby-2.2.1/bin:/Users/skropp/.rvm/gems/ruby-2.2.1@global/bin:/Users/skropp/.rvm/rubies/ruby-2.2.1/bin:/usr/local/opt/postgresql/bin:/usr/local/bin:/usr/bin:/bin:/usr/sbin:/sbin:/usr/local/munki:/Users/skropp/.rvm/bin
13 verbose lifecycle ea-timeline@0.0.1~prepublish: CWD: /Users/skropp/ea/ea-timeline
14 silly lifecycle ea-timeline@0.0.1~prepublish: Args: [ '-c',
14 silly lifecycle   'npm run test && uglifyjs build/ea-timeline.js -c -m -o build/ea-timeline.min.js' ]
15 silly lifecycle ea-timeline@0.0.1~prepublish: Returned: code: 0  signal: null
16 verbose tar pack [ '/Users/skropp/.npm/ea-timeline/0.0.1/package.tgz',
16 verbose tar pack   '/Users/skropp/ea/ea-timeline' ]
17 verbose tarball /Users/skropp/.npm/ea-timeline/0.0.1/package.tgz
18 verbose folder /Users/skropp/ea/ea-timeline
19 verbose addLocalTarball adding from inside cache /Users/skropp/.npm/ea-timeline/0.0.1/package.tgz
20 verbose correctMkdir /Users/skropp/.npm correctMkdir not in flight; initializing
21 silly cache afterAdd ea-timeline@0.0.1
22 verbose afterAdd /Users/skropp/.npm/ea-timeline/0.0.1/package/package.json not in flight; writing
23 verbose correctMkdir /Users/skropp/.npm correctMkdir not in flight; initializing
24 verbose afterAdd /Users/skropp/.npm/ea-timeline/0.0.1/package/package.json written
25 silly publish { name: 'ea-timeline',
25 silly publish   version: '0.0.1',
25 silly publish   description: 'Reactive timeline/gantt chart using D3',
25 silly publish   keywords: [ 'timeline', 'd3', 'gantt' ],
25 silly publish   license: 'BSD-3-Clause',
25 silly publish   main: 'build/ea-timeline.js',
25 silly publish   'jsnext:main': 'index',
25 silly publish   homepage: 'https://github.com/sebastiankr/ea-timeline',
25 silly publish   repository:
25 silly publish    { type: 'git',
25 silly publish      url: 'git+https://github.com/sebastiankr/ea-timeline.git' },
25 silly publish   scripts:
25 silly publish    { pretest: 'rm -rf build && mkdir build && rollup -c',
25 silly publish      test: 'tape \'test/**/*-test.js\'',
25 silly publish      prepublish: 'npm run test && uglifyjs build/ea-timeline.js -c -m -o build/ea-timeline.min.js',
25 silly publish      postpublish: 'VERSION=`node -e \'console.log(require("./package.json").version)\'`; git push && git push --tags && cp build/ea-timeline.js ../d3.github.com/d3-sankey.v0.3.js && cp build/d3-sankey.min.js ../d3.github.com/d3-sankey.v0.3.min.js && cd ../d3.github.com && git add d3-sankey.v0.3.js d3-sankey.v0.3.min.js && git commit -m "ea-timeline ${VERSION}" && git push && cd - && zip -j build/ea-timeline.zip -- LICENSE README.md build/ea-timeline.js build/ea-timeline.min.js' },
25 silly publish   dependencies: {},
25 silly publish   devDependencies:
25 silly publish    { eslint: '^3.2.2',
25 silly publish      'eslint-config-standard': '^5.3.5',
25 silly publish      'eslint-plugin-promise': '^2.0.0',
25 silly publish      'eslint-plugin-standard': '^2.0.0',
25 silly publish      rollup: '^0.34.3',
25 silly publish      'rollup-plugin-node-resolve': '^2.0.0',
25 silly publish      tape: '^4.6.0',
25 silly publish      uglifyjs: '^2.4.10' },
25 silly publish   gitHead: 'f511ab76e7e7a5c6686b9a5200df11679e471dec',
25 silly publish   bugs: { url: 'https://github.com/sebastiankr/ea-timeline/issues' },
25 silly publish   readme: 'ERROR: No README data found!',
25 silly publish   _id: 'ea-timeline@0.0.1',
25 silly publish   _shasum: 'cb4491d20530889d83d4cec7a6260cb8ae48f184',
25 silly publish   _from: '.' }
26 verbose getPublishConfig undefined
27 silly mapToRegistry name ea-timeline
28 silly mapToRegistry using default registry
29 silly mapToRegistry registry https://registry.npmjs.org/
30 silly mapToRegistry data Result {
30 silly mapToRegistry   raw: 'ea-timeline',
30 silly mapToRegistry   scope: null,
30 silly mapToRegistry   name: 'ea-timeline',
30 silly mapToRegistry   rawSpec: '',
30 silly mapToRegistry   spec: 'latest',
30 silly mapToRegistry   type: 'tag' }
31 silly mapToRegistry uri https://registry.npmjs.org/ea-timeline
32 verbose publish registryBase https://registry.npmjs.org/
33 silly publish uploading /Users/skropp/.npm/ea-timeline/0.0.1/package.tgz
34 verbose request uri https://registry.npmjs.org/ea-timeline
35 verbose request sending authorization for write operation
36 info attempt registry request try #1 at 10:26:47 AM
37 verbose request using bearer token for auth
38 verbose request id a57138b1557d0b01
39 http request PUT https://registry.npmjs.org/ea-timeline
40 http 200 https://registry.npmjs.org/ea-timeline
41 verbose headers { 'content-type': 'application/json',
41 verbose headers   'content-encoding': 'gzip',
41 verbose headers   'cache-control': 'max-age=300',
41 verbose headers   'transfer-encoding': 'chunked',
41 verbose headers   'accept-ranges': 'bytes',
41 verbose headers   date: 'Fri, 05 Aug 2016 14:26:50 GMT',
41 verbose headers   via: '1.1 varnish',
41 verbose headers   connection: 'keep-alive',
41 verbose headers   'x-served-by': 'cache-iad2143-IAD',
41 verbose headers   'x-cache': 'MISS',
41 verbose headers   'x-cache-hits': '0',
41 verbose headers   'x-timer': 'S1470407207.743251,VS0,VE3117',
41 verbose headers   vary: 'Accept-Encoding' }
42 verbose request invalidating /Users/skropp/.npm/registry.npmjs.org/ea-timeline on PUT
43 info lifecycle ea-timeline@0.0.1~publish: ea-timeline@0.0.1
44 silly lifecycle ea-timeline@0.0.1~publish: no script for publish, continuing
45 info lifecycle ea-timeline@0.0.1~postpublish: ea-timeline@0.0.1
46 verbose lifecycle ea-timeline@0.0.1~postpublish: unsafe-perm in lifecycle true
47 verbose lifecycle ea-timeline@0.0.1~postpublish: PATH: /usr/local/lib/node_modules/npm/bin/node-gyp-bin:/Users/skropp/ea/ea-timeline/node_modules/.bin:/usr/local/bin:/Users/skropp/.rvm/gems/ruby-2.2.1/bin:/Users/skropp/.rvm/gems/ruby-2.2.1@global/bin:/Users/skropp/.rvm/rubies/ruby-2.2.1/bin:/usr/local/opt/postgresql/bin:/usr/local/bin:/usr/bin:/bin:/usr/sbin:/sbin:/usr/local/munki:/Users/skropp/.rvm/bin
48 verbose lifecycle ea-timeline@0.0.1~postpublish: CWD: .
49 silly lifecycle ea-timeline@0.0.1~postpublish: Args: [ '-c',
49 silly lifecycle   'VERSION=`node -e \'console.log(require("./package.json").version)\'`; git push && git push --tags && cp build/ea-timeline.js ../d3.github.com/d3-sankey.v0.3.js && cp build/d3-sankey.min.js ../d3.github.com/d3-sankey.v0.3.min.js && cd ../d3.github.com && git add d3-sankey.v0.3.js d3-sankey.v0.3.min.js && git commit -m "ea-timeline ${VERSION}" && git push && cd - && zip -j build/ea-timeline.zip -- LICENSE README.md build/ea-timeline.js build/ea-timeline.min.js' ]
50 silly lifecycle ea-timeline@0.0.1~postpublish: Returned: code: 1  signal: null
51 info lifecycle ea-timeline@0.0.1~postpublish: Failed to exec postpublish script
52 verbose stack Error: ea-timeline@0.0.1 postpublish: `VERSION=`node -e 'console.log(require("./package.json").version)'`; git push && git push --tags && cp build/ea-timeline.js ../d3.github.com/d3-sankey.v0.3.js && cp build/d3-sankey.min.js ../d3.github.com/d3-sankey.v0.3.min.js && cd ../d3.github.com && git add d3-sankey.v0.3.js d3-sankey.v0.3.min.js && git commit -m "ea-timeline ${VERSION}" && git push && cd - && zip -j build/ea-timeline.zip -- LICENSE README.md build/ea-timeline.js build/ea-timeline.min.js`
52 verbose stack Exit status 1
52 verbose stack     at EventEmitter.<anonymous> (/usr/local/lib/node_modules/npm/lib/utils/lifecycle.js:245:16)
52 verbose stack     at emitTwo (events.js:106:13)
52 verbose stack     at EventEmitter.emit (events.js:191:7)
52 verbose stack     at ChildProcess.<anonymous> (/usr/local/lib/node_modules/npm/lib/utils/spawn.js:24:14)
52 verbose stack     at emitTwo (events.js:106:13)
52 verbose stack     at ChildProcess.emit (events.js:191:7)
52 verbose stack     at maybeClose (internal/child_process.js:852:16)
52 verbose stack     at Process.ChildProcess._handle.onexit (internal/child_process.js:215:5)
53 verbose pkgid ea-timeline@0.0.1
54 verbose cwd /Users/skropp/ea/ea-timeline
55 error Darwin 15.6.0
56 error argv "/usr/local/bin/node" "/usr/local/bin/npm" "publish"
57 error node v6.2.2
58 error npm  v3.9.5
59 error code ELIFECYCLE
60 error ea-timeline@0.0.1 postpublish: `VERSION=`node -e 'console.log(require("./package.json").version)'`; git push && git push --tags && cp build/ea-timeline.js ../d3.github.com/d3-sankey.v0.3.js && cp build/d3-sankey.min.js ../d3.github.com/d3-sankey.v0.3.min.js && cd ../d3.github.com && git add d3-sankey.v0.3.js d3-sankey.v0.3.min.js && git commit -m "ea-timeline ${VERSION}" && git push && cd - && zip -j build/ea-timeline.zip -- LICENSE README.md build/ea-timeline.js build/ea-timeline.min.js`
60 error Exit status 1
61 error Failed at the ea-timeline@0.0.1 postpublish script 'VERSION=`node -e 'console.log(require("./package.json").version)'`; git push && git push --tags && cp build/ea-timeline.js ../d3.github.com/d3-sankey.v0.3.js && cp build/d3-sankey.min.js ../d3.github.com/d3-sankey.v0.3.min.js && cd ../d3.github.com && git add d3-sankey.v0.3.js d3-sankey.v0.3.min.js && git commit -m "ea-timeline ${VERSION}" && git push && cd - && zip -j build/ea-timeline.zip -- LICENSE README.md build/ea-timeline.js build/ea-timeline.min.js'.
61 error Make sure you have the latest version of node.js and npm installed.
61 error If you do, this is most likely a problem with the ea-timeline package,
61 error not with npm itself.
61 error Tell the author that this fails on your system:
61 error     VERSION=`node -e 'console.log(require("./package.json").version)'`; git push && git push --tags && cp build/ea-timeline.js ../d3.github.com/d3-sankey.v0.3.js && cp build/d3-sankey.min.js ../d3.github.com/d3-sankey.v0.3.min.js && cd ../d3.github.com && git add d3-sankey.v0.3.js d3-sankey.v0.3.min.js && git commit -m "ea-timeline ${VERSION}" && git push && cd - && zip -j build/ea-timeline.zip -- LICENSE README.md build/ea-timeline.js build/ea-timeline.min.js
61 error You can get information on how to open an issue for this project with:
61 error     npm bugs ea-timeline
61 error Or if that isn't available, you can get their info via:
61 error     npm owner ls ea-timeline
61 error There is likely additional logging output above.
62 verbose exit [ 1, true ]
